{"name": "test_invalid_credentials", "status": "broken", "statusDetails": {"message": "selenium.common.exceptions.NoSuchElementException: Message: no such element: Unable to locate element: {\"method\":\"xpath\",\"selector\":\"//h3[contains(text(),'Epic sadface: Username and password do not match a')]\"}\n  (Session info: chrome=128.0.6613.138); For documentation on this error, please visit: https://www.selenium.dev/documentation/webdriver/troubleshooting/errors#no-such-element-exception\nStacktrace:\n\tGetHandleVerifier [0x00007FF7A8E49412+29090]\n\t(No symbol) [0x00007FF7A8DBE239]\n\t(No symbol) [0x00007FF7A8C7B1DA]\n\t(No symbol) [0x00007FF7A8CCEFE7]\n\t(No symbol) [0x00007FF7A8CCF23C]\n\t(No symbol) [0x00007FF7A8D197C7]\n\t(No symbol) [0x00007FF7A8CF672F]\n\t(No symbol) [0x00007FF7A8D165A2]\n\t(No symbol) [0x00007FF7A8CF6493]\n\t(No symbol) [0x00007FF7A8CC09D1]\n\t(No symbol) [0x00007FF7A8CC1B31]\n\tGetHandleVerifier [0x00007FF7A916871D+3302573]\n\tGetHandleVerifier [0x00007FF7A91B4243+3612627]\n\tGetHandleVerifier [0x00007FF7A91AA417+3572135]\n\tGetHandleVerifier [0x00007FF7A8F05EB6+801862]\n\t(No symbol) [0x00007FF7A8DC945F]\n\t(No symbol) [0x00007FF7A8DC4FB4]\n\t(No symbol) [0x00007FF7A8DC5140]\n\t(No symbol) [0x00007FF7A8DB461F]\n\tBaseThreadInitThunk [0x00007FF9AFC5257D+29]\n\tRtlUserThreadStart [0x00007FF9B064AF28+40]", "trace": "self = <tests.test_e2e.TestLogin object at 0x000001E325D64530>\n\n    def test_invalid_credentials(self):\n        login = LoginPage(self.driver)\n        login.insertUsername(self.username)\n        login.insertPassword(self.password)\n        login.clickLoginBtn()\n>       assert login.errMsg().is_displayed, \"error Not Found\"\n\ntests\\test_e2e.py:19: \n_ _ _ _ _ _ _ _ _ _ _ _ _ _ _ _ _ _ _ _ _ _ _ _ _ _ _ _ _ _ _ _ _ _ _ _ _ _ _ _ _ _ _ _ _ _ _ _ _ _ _ _ _ _ _ _ _ _ _ _ _ _ _ _ _ _ _ _ _ _ _ _ _ _\npageObjectModel\\loginPage.py:25: in errMsg\n    return self.driver.find_element(*LoginPage.ErrMsg)\n..\\..\\AppData\\Local\\Programs\\Python\\Python312\\Lib\\site-packages\\selenium\\webdriver\\remote\\webdriver.py:741: in find_element\n    return self.execute(Command.FIND_ELEMENT, {\"using\": by, \"value\": value})[\"value\"]\n..\\..\\AppData\\Local\\Programs\\Python\\Python312\\Lib\\site-packages\\selenium\\webdriver\\remote\\webdriver.py:347: in execute\n    self.error_handler.check_response(response)\n_ _ _ _ _ _ _ _ _ _ _ _ _ _ _ _ _ _ _ _ _ _ _ _ _ _ _ _ _ _ _ _ _ _ _ _ _ _ _ _ _ _ _ _ _ _ _ _ _ _ _ _ _ _ _ _ _ _ _ _ _ _ _ _ _ _ _ _ _ _ _ _ _ _\n\nself = <selenium.webdriver.remote.errorhandler.ErrorHandler object at 0x000001E325F57EC0>\nresponse = {'status': 404, 'value': '{\"value\":{\"error\":\"no such element\",\"message\":\"no such element: Unable to locate element: {\\...07FF7A8DB461F]\\\\n\\\\tBaseThreadInitThunk [0x00007FF9AFC5257D+29]\\\\n\\\\tRtlUserThreadStart [0x00007FF9B064AF28+40]\\\\n\"}}'}\n\n    def check_response(self, response: Dict[str, Any]) -> None:\n        \"\"\"Checks that a JSON response from the WebDriver does not have an\n        error.\n    \n        :Args:\n         - response - The JSON response from the WebDriver server as a dictionary\n           object.\n    \n        :Raises: If the response contains an error message.\n        \"\"\"\n        status = response.get(\"status\", None)\n        if not status or status == ErrorCode.SUCCESS:\n            return\n        value = None\n        message = response.get(\"message\", \"\")\n        screen: str = response.get(\"screen\", \"\")\n        stacktrace = None\n        if isinstance(status, int):\n            value_json = response.get(\"value\", None)\n            if value_json and isinstance(value_json, str):\n                import json\n    \n                try:\n                    value = json.loads(value_json)\n                    if len(value) == 1:\n                        value = value[\"value\"]\n                    status = value.get(\"error\", None)\n                    if not status:\n                        status = value.get(\"status\", ErrorCode.UNKNOWN_ERROR)\n                        message = value.get(\"value\") or value.get(\"message\")\n                        if not isinstance(message, str):\n                            value = message\n                            message = message.get(\"message\")\n                    else:\n                        message = value.get(\"message\", None)\n                except ValueError:\n                    pass\n    \n        exception_class: Type[WebDriverException]\n        e = ErrorCode()\n        error_codes = [item for item in dir(e) if not item.startswith(\"__\")]\n        for error_code in error_codes:\n            error_info = getattr(ErrorCode, error_code)\n            if isinstance(error_info, list) and status in error_info:\n                exception_class = getattr(ExceptionMapping, error_code, WebDriverException)\n                break\n        else:\n            exception_class = WebDriverException\n    \n        if not value:\n            value = response[\"value\"]\n        if isinstance(value, str):\n            raise exception_class(value)\n        if message == \"\" and \"message\" in value:\n            message = value[\"message\"]\n    \n        screen = None  # type: ignore[assignment]\n        if \"screen\" in value:\n            screen = value[\"screen\"]\n    \n        stacktrace = None\n        st_value = value.get(\"stackTrace\") or value.get(\"stacktrace\")\n        if st_value:\n            if isinstance(st_value, str):\n                stacktrace = st_value.split(\"\\n\")\n            else:\n                stacktrace = []\n                try:\n                    for frame in st_value:\n                        line = frame.get(\"lineNumber\", \"\")\n                        file = frame.get(\"fileName\", \"<anonymous>\")\n                        if line:\n                            file = f\"{file}:{line}\"\n                        meth = frame.get(\"methodName\", \"<anonymous>\")\n                        if \"className\" in frame:\n                            meth = f\"{frame['className']}.{meth}\"\n                        msg = \"    at %s (%s)\"\n                        msg = msg % (meth, file)\n                        stacktrace.append(msg)\n                except TypeError:\n                    pass\n        if exception_class == UnexpectedAlertPresentException:\n            alert_text = None\n            if \"data\" in value:\n                alert_text = value[\"data\"].get(\"text\")\n            elif \"alert\" in value:\n                alert_text = value[\"alert\"].get(\"text\")\n            raise exception_class(message, screen, stacktrace, alert_text)  # type: ignore[call-arg]  # mypy is not smart enough here\n>       raise exception_class(message, screen, stacktrace)\nE       selenium.common.exceptions.NoSuchElementException: Message: no such element: Unable to locate element: {\"method\":\"xpath\",\"selector\":\"//h3[contains(text(),'Epic sadface: Username and password do not match a')]\"}\nE         (Session info: chrome=128.0.6613.138); For documentation on this error, please visit: https://www.selenium.dev/documentation/webdriver/troubleshooting/errors#no-such-element-exception\nE       Stacktrace:\nE       \tGetHandleVerifier [0x00007FF7A8E49412+29090]\nE       \t(No symbol) [0x00007FF7A8DBE239]\nE       \t(No symbol) [0x00007FF7A8C7B1DA]\nE       \t(No symbol) [0x00007FF7A8CCEFE7]\nE       \t(No symbol) [0x00007FF7A8CCF23C]\nE       \t(No symbol) [0x00007FF7A8D197C7]\nE       \t(No symbol) [0x00007FF7A8CF672F]\nE       \t(No symbol) [0x00007FF7A8D165A2]\nE       \t(No symbol) [0x00007FF7A8CF6493]\nE       \t(No symbol) [0x00007FF7A8CC09D1]\nE       \t(No symbol) [0x00007FF7A8CC1B31]\nE       \tGetHandleVerifier [0x00007FF7A916871D+3302573]\nE       \tGetHandleVerifier [0x00007FF7A91B4243+3612627]\nE       \tGetHandleVerifier [0x00007FF7A91AA417+3572135]\nE       \tGetHandleVerifier [0x00007FF7A8F05EB6+801862]\nE       \t(No symbol) [0x00007FF7A8DC945F]\nE       \t(No symbol) [0x00007FF7A8DC4FB4]\nE       \t(No symbol) [0x00007FF7A8DC5140]\nE       \t(No symbol) [0x00007FF7A8DB461F]\nE       \tBaseThreadInitThunk [0x00007FF9AFC5257D+29]\nE       \tRtlUserThreadStart [0x00007FF9B064AF28+40]\n\n..\\..\\AppData\\Local\\Programs\\Python\\Python312\\Lib\\site-packages\\selenium\\webdriver\\remote\\errorhandler.py:229: NoSuchElementException"}, "attachments": [{"name": "tests/test_e2e.py_TestLogin_test_invalid_credentials.png", "source": "92481d56-cc30-4fec-a2d5-33fa260b1f3d-attachment.png", "type": "image/png"}], "start": 1727079869059, "stop": 1727079869468, "uuid": "4cd226d0-0586-4fa1-a3e8-ba992adbe81e", "historyId": "5bd273936520b36b4acc0d9015deb6be", "testCaseId": "5bd273936520b36b4acc0d9015deb6be", "fullName": "tests.test_e2e.TestLogin#test_invalid_credentials", "labels": [{"name": "tag", "value": "@pytest.mark.usefixtures('setup_and_teardown')"}, {"name": "parentSuite", "value": "tests"}, {"name": "suite", "value": "test_e2e"}, {"name": "subSuite", "value": "TestLogin"}, {"name": "host", "value": "muhdsaufi"}, {"name": "thread", "value": "3484-MainThread"}, {"name": "framework", "value": "pytest"}, {"name": "language", "value": "cpython3"}, {"name": "package", "value": "tests.test_e2e"}]}